<?xml version="1.0" encoding="UTF-8"?>
<robot generator="Robot 7.1 (Python 3.12.7 on darwin)" generated="2024-11-28T18:42:39.326443" rpa="false" schemaversion="5">
<suite id="s1" name="DemoQAEngineerTechnicalAssessment" source="/Users/macbookstutachangfit/Documents/GitHub/DemoQAEngineerTechnicalAssessment">
<suite id="s1-s1" name="UITest" source="/Users/macbookstutachangfit/Documents/GitHub/DemoQAEngineerTechnicalAssessment/UITest.robot">
<kw name="Log" owner="BuiltIn" type="SETUP">
<msg time="2024-11-28T18:42:39.428299" level="INFO">I'm Inside TS Setup</msg>
<arg>I'm Inside TS Setup</arg>
<doc>Logs the given message with the given level.</doc>
<status status="PASS" start="2024-11-28T18:42:39.428169" elapsed="0.000171"/>
</kw>
<test id="s1-s1-t1" name="TC-001" line="14">
<kw name="Log" owner="BuiltIn" type="SETUP">
<msg time="2024-11-28T18:42:39.428695" level="INFO">I'm inside Test Setup</msg>
<arg>I'm inside Test Setup</arg>
<doc>Logs the given message with the given level.</doc>
<status status="PASS" start="2024-11-28T18:42:39.428636" elapsed="0.000081"/>
</kw>
<kw name="Open Browser" owner="SeleniumLibrary">
<msg time="2024-11-28T18:42:39.428910" level="INFO">Opening browser 'chrome' to base url 'https://www.saucedemo.com/'.</msg>
<arg>https://www.saucedemo.com/</arg>
<arg>chrome</arg>
<doc>Opens a new browser instance to the optional ``url``.</doc>
<status status="PASS" start="2024-11-28T18:42:39.428817" elapsed="3.777482"/>
</kw>
<kw name="Wait Until Element Is Visible" owner="SeleniumLibrary">
<arg>xpath=//*[@id="user-name"]</arg>
<doc>Waits until the element ``locator`` is visible.</doc>
<status status="PASS" start="2024-11-28T18:42:43.207634" elapsed="0.021542"/>
</kw>
<kw name="Input Text" owner="SeleniumLibrary">
<msg time="2024-11-28T18:42:43.229560" level="INFO">Typing text 'standard_user' into text field 'xpath=//*[@id="user-name"]'.</msg>
<arg>xpath=//*[@id="user-name"]</arg>
<arg>${Username}</arg>
<doc>Types the given ``text`` into the text field identified by ``locator``.</doc>
<status status="PASS" start="2024-11-28T18:42:43.229356" elapsed="0.132836"/>
</kw>
<kw name="Input Text" owner="SeleniumLibrary">
<msg time="2024-11-28T18:42:43.362690" level="INFO">Typing text 'secret_sauce' into text field 'xpath=//*[@id="password"]'.</msg>
<arg>xpath=//*[@id="password"]</arg>
<arg>${Password}</arg>
<doc>Types the given ``text`` into the text field identified by ``locator``.</doc>
<status status="PASS" start="2024-11-28T18:42:43.362461" elapsed="0.061060"/>
</kw>
<kw name="Click Button" owner="SeleniumLibrary">
<msg time="2024-11-28T18:42:43.423820" level="INFO">Clicking button 'xpath=//*[@id="login-button"]'.</msg>
<arg>xpath=//*[@id="login-button"]</arg>
<doc>Clicks the button identified by ``locator``.</doc>
<status status="PASS" start="2024-11-28T18:42:43.423684" elapsed="0.068525"/>
</kw>
<kw name="Wait Until Element Is Visible" owner="SeleniumLibrary">
<arg>xpath=//*[@id="add-to-cart-sauce-labs-backpack"]</arg>
<doc>Waits until the element ``locator`` is visible.</doc>
<status status="PASS" start="2024-11-28T18:42:43.492510" elapsed="0.017748"/>
</kw>
<kw name="Click Button" owner="SeleniumLibrary">
<msg time="2024-11-28T18:42:43.510757" level="INFO">Clicking button 'xpath=//*[@id="add-to-cart-sauce-labs-backpack"]'.</msg>
<arg>xpath=//*[@id="add-to-cart-sauce-labs-backpack"]</arg>
<doc>Clicks the button identified by ``locator``.</doc>
<status status="PASS" start="2024-11-28T18:42:43.510618" elapsed="0.042953"/>
</kw>
<kw name="Click Button" owner="SeleniumLibrary">
<msg time="2024-11-28T18:42:43.553908" level="INFO">Clicking button 'xpath=//*[@id="add-to-cart-sauce-labs-bike-light"]'.</msg>
<arg>xpath=//*[@id="add-to-cart-sauce-labs-bike-light"]</arg>
<doc>Clicks the button identified by ``locator``.</doc>
<status status="PASS" start="2024-11-28T18:42:43.553772" elapsed="0.033391"/>
</kw>
<kw name="Click Button" owner="SeleniumLibrary">
<msg time="2024-11-28T18:42:43.587566" level="INFO">Clicking button 'xpath=//*[@id="add-to-cart-sauce-labs-bolt-t-shirt"]'.</msg>
<arg>xpath=//*[@id="add-to-cart-sauce-labs-bolt-t-shirt"]</arg>
<doc>Clicks the button identified by ``locator``.</doc>
<status status="PASS" start="2024-11-28T18:42:43.587429" elapsed="0.033561"/>
</kw>
<kw name="Click Button" owner="SeleniumLibrary">
<msg time="2024-11-28T18:42:43.621275" level="INFO">Clicking button 'xpath=//*[@id="add-to-cart-sauce-labs-fleece-jacket"]'.</msg>
<arg>xpath=//*[@id="add-to-cart-sauce-labs-fleece-jacket"]</arg>
<doc>Clicks the button identified by ``locator``.</doc>
<status status="PASS" start="2024-11-28T18:42:43.621152" elapsed="0.030320"/>
</kw>
<kw name="Click Button" owner="SeleniumLibrary">
<msg time="2024-11-28T18:42:43.651728" level="INFO">Clicking button 'xpath=//*[@id="add-to-cart-sauce-labs-onesie"]'.</msg>
<arg>xpath=//*[@id="add-to-cart-sauce-labs-onesie"]</arg>
<doc>Clicks the button identified by ``locator``.</doc>
<status status="PASS" start="2024-11-28T18:42:43.651610" elapsed="0.033183"/>
</kw>
<kw name="Click Button" owner="SeleniumLibrary">
<msg time="2024-11-28T18:42:43.685056" level="INFO">Clicking button 'xpath=//*[@id="add-to-cart-test.allthethings()-t-shirt-(red)"]'.</msg>
<arg>xpath=//*[@id="add-to-cart-test.allthethings()-t-shirt-(red)"]</arg>
<doc>Clicks the button identified by ``locator``.</doc>
<status status="PASS" start="2024-11-28T18:42:43.684931" elapsed="0.037734"/>
</kw>
<kw name="Sleep" owner="BuiltIn">
<msg time="2024-11-28T18:42:45.725575" level="INFO">Slept 2 seconds.</msg>
<arg>2</arg>
<doc>Pauses the test executed for the given time.</doc>
<status status="PASS" start="2024-11-28T18:42:43.722850" elapsed="2.003108"/>
</kw>
<kw name="Click Element" owner="SeleniumLibrary">
<msg time="2024-11-28T18:42:45.727323" level="INFO">Clicking element 'xpath=//*[@id="shopping_cart_container"]'.</msg>
<arg>xpath=//*[@id="shopping_cart_container"]</arg>
<doc>Click the element identified by ``locator``.</doc>
<status status="PASS" start="2024-11-28T18:42:45.726730" elapsed="0.074685"/>
</kw>
<kw name="Click Element" owner="SeleniumLibrary">
<msg time="2024-11-28T18:42:45.801717" level="INFO">Clicking element 'xpath=//*[@id="shopping_cart_container"]/a'.</msg>
<arg>xpath=//*[@id="shopping_cart_container"]/a</arg>
<doc>Click the element identified by ``locator``.</doc>
<status status="PASS" start="2024-11-28T18:42:45.801582" elapsed="0.027794"/>
</kw>
<kw name="Click Element" owner="SeleniumLibrary">
<msg time="2024-11-28T18:42:45.829868" level="INFO">Clicking element 'xpath=//*[@id="shopping_cart_container"]/a/span'.</msg>
<arg>xpath=//*[@id="shopping_cart_container"]/a/span</arg>
<doc>Click the element identified by ``locator``.</doc>
<status status="PASS" start="2024-11-28T18:42:45.829660" elapsed="0.029337"/>
</kw>
<kw name="Wait Until Element Is Visible" owner="SeleniumLibrary">
<arg>xpath=//*[@id="checkout"]</arg>
<doc>Waits until the element ``locator`` is visible.</doc>
<status status="PASS" start="2024-11-28T18:42:45.859161" elapsed="0.009080"/>
</kw>
<kw name="Click Button" owner="SeleniumLibrary">
<msg time="2024-11-28T18:42:45.868545" level="INFO">Clicking button 'xpath=//*[@id="checkout"]'.</msg>
<arg>xpath=//*[@id="checkout"]</arg>
<doc>Clicks the button identified by ``locator``.</doc>
<status status="PASS" start="2024-11-28T18:42:45.868382" elapsed="0.041356"/>
</kw>
<kw name="Wait Until Element Is Visible" owner="SeleniumLibrary">
<arg>xpath=//*[@id="first-name"]</arg>
<doc>Waits until the element ``locator`` is visible.</doc>
<status status="PASS" start="2024-11-28T18:42:45.909891" elapsed="0.008445"/>
</kw>
<kw name="Input Text" owner="SeleniumLibrary">
<msg time="2024-11-28T18:42:45.918773" level="INFO">Typing text 'John' into text field 'xpath=//*[@id="first-name"]'.</msg>
<arg>xpath=//*[@id="first-name"]</arg>
<arg>John</arg>
<doc>Types the given ``text`` into the text field identified by ``locator``.</doc>
<status status="PASS" start="2024-11-28T18:42:45.918562" elapsed="0.041748"/>
</kw>
<kw name="Input Text" owner="SeleniumLibrary">
<msg time="2024-11-28T18:42:45.960567" level="INFO">Typing text 'Doe' into text field 'xpath=//*[@id="last-name"]'.</msg>
<arg>xpath=//*[@id="last-name"]</arg>
<arg>Doe</arg>
<doc>Types the given ``text`` into the text field identified by ``locator``.</doc>
<status status="PASS" start="2024-11-28T18:42:45.960447" elapsed="0.032106"/>
</kw>
<kw name="Input Text" owner="SeleniumLibrary">
<msg time="2024-11-28T18:42:45.992912" level="INFO">Typing text '12345' into text field 'xpath=//*[@id="postal-code"]'.</msg>
<arg>xpath=//*[@id="postal-code"]</arg>
<arg>12345</arg>
<doc>Types the given ``text`` into the text field identified by ``locator``.</doc>
<status status="PASS" start="2024-11-28T18:42:45.992799" elapsed="0.035054"/>
</kw>
<kw name="Click Button" owner="SeleniumLibrary">
<msg time="2024-11-28T18:42:46.028438" level="INFO">Clicking button 'xpath=//*[@id="continue"]'.</msg>
<arg>xpath=//*[@id="continue"]</arg>
<doc>Clicks the button identified by ``locator``.</doc>
<status status="PASS" start="2024-11-28T18:42:46.028290" elapsed="0.044189"/>
</kw>
<kw name="Wait Until Element Is Visible" owner="SeleniumLibrary">
<arg>xpath=//*[@id="finish"]</arg>
<doc>Waits until the element ``locator`` is visible.</doc>
<status status="PASS" start="2024-11-28T18:42:46.072623" elapsed="0.009901"/>
</kw>
<kw name="Click Button" owner="SeleniumLibrary">
<msg time="2024-11-28T18:42:46.082806" level="INFO">Clicking button 'xpath=//*[@id="finish"]'.</msg>
<arg>xpath=//*[@id="finish"]</arg>
<doc>Clicks the button identified by ``locator``.</doc>
<status status="PASS" start="2024-11-28T18:42:46.082677" elapsed="0.033836"/>
</kw>
<kw name="Wait Until Element Is Visible" owner="SeleniumLibrary">
<arg>xpath=//*[@id="back-to-products"]</arg>
<doc>Waits until the element ``locator`` is visible.</doc>
<status status="PASS" start="2024-11-28T18:42:46.116695" elapsed="0.008664"/>
</kw>
<kw name="Click Button" owner="SeleniumLibrary">
<msg time="2024-11-28T18:42:46.125661" level="INFO">Clicking button 'xpath=//*[@id="back-to-products"]'.</msg>
<arg>xpath=//*[@id="back-to-products"]</arg>
<doc>Clicks the button identified by ``locator``.</doc>
<status status="PASS" start="2024-11-28T18:42:46.125517" elapsed="0.042793"/>
</kw>
<kw name="Close Browser" owner="SeleniumLibrary">
<doc>Closes the current browser.</doc>
<status status="PASS" start="2024-11-28T18:42:46.168489" elapsed="0.088413"/>
</kw>
<kw name="Log" owner="BuiltIn" type="TEARDOWN">
<msg time="2024-11-28T18:42:46.257468" level="INFO">I'm Inside Test Teardown</msg>
<arg>I'm Inside Test Teardown</arg>
<doc>Logs the given message with the given level.</doc>
<status status="PASS" start="2024-11-28T18:42:46.257379" elapsed="0.000115"/>
</kw>
<tag>Sanity</tag>
<status status="PASS" start="2024-11-28T18:42:39.428439" elapsed="6.829102"/>
</test>
<kw name="Log" owner="BuiltIn" type="TEARDOWN">
<msg time="2024-11-28T18:42:46.257969" level="INFO">I'm Inside TS Teardown</msg>
<arg>I'm Inside TS Teardown</arg>
<doc>Logs the given message with the given level.</doc>
<status status="PASS" start="2024-11-28T18:42:46.257918" elapsed="0.000071"/>
</kw>
<status status="PASS" start="2024-11-28T18:42:39.343225" elapsed="6.914785"/>
</suite>
<status status="PASS" start="2024-11-28T18:42:39.327467" elapsed="6.930883"/>
</suite>
<statistics>
<total>
<stat pass="1" fail="0" skip="0">All Tests</stat>
</total>
<tag>
<stat pass="1" fail="0" skip="0">Sanity</stat>
</tag>
<suite>
<stat pass="1" fail="0" skip="0" id="s1" name="DemoQAEngineerTechnicalAssessment">DemoQAEngineerTechnicalAssessment</stat>
<stat pass="1" fail="0" skip="0" id="s1-s1" name="UITest">DemoQAEngineerTechnicalAssessment.UITest</stat>
</suite>
</statistics>
<errors>
</errors>
</robot>
